#! /c/iverilog/bin/vvp
:ivl_version "12.0 (devel)" "(s20150603-965-g55e06db6)";
:ivl_delay_selection "TYPICAL";
:vpi_time_precision + 0;
:vpi_module "E:\iverilog\lib\ivl\system.vpi";
:vpi_module "E:\iverilog\lib\ivl\vhdl_sys.vpi";
:vpi_module "E:\iverilog\lib\ivl\vhdl_textio.vpi";
:vpi_module "E:\iverilog\lib\ivl\v2005_math.vpi";
:vpi_module "E:\iverilog\lib\ivl\va_math.vpi";
S_000000000122ba50 .scope module, "A5" "A5" 2 5;
 .timescale 0 0;
    .port_info 0 /INPUT 1 "clk";
    .port_info 1 /INPUT 64 "Key";
    .port_info 2 /OUTPUT 1 "code";
L_00000000010fb7d0 .functor BUFZ 1, v00000000010f3d20_0, C4<0>, C4<0>, C4<0>;
v00000000010c2f20_0 .var "A", 18 0;
v00000000010c2910_0 .var "B", 21 0;
v000000000122bbe0_0 .var "C", 22 0;
o00000000010fd038 .functor BUFZ 64, C4<zzzzzzzzzzzzzzzzzzzzzzzzzzzzzzzzzzzzzzzzzzzzzzzzzzzzzzzzzzzzzzzz>; HiZ drive
v000000000122bc80_0 .net "Key", 63 0, o00000000010fd038;  0 drivers
v000000000122bd20_0 .var "X", 0 0;
v00000000010f30f0_0 .var "Y", 0 0;
v00000000010f3190_0 .var "Z", 0 0;
o00000000010fd0f8 .functor BUFZ 1, C4<z>; HiZ drive
v00000000010f3230_0 .net "clk", 0 0, o00000000010fd0f8;  0 drivers
v00000000010f32d0_0 .net "code", 0 0, L_00000000010fb7d0;  1 drivers
v00000000010f3370_0 .var "condition1", 0 0;
v00000000010f3410_0 .var "condition2", 0 0;
v00000000010f34b0_0 .var "condition3", 0 0;
v00000000010f3550_0 .var "feedback1", 0 0;
v00000000010f35f0_0 .var "feedback2", 0 0;
v00000000010f3690_0 .var "feedback3", 0 0;
v00000000010f3d20_0 .var "re", 0 0;
E_000000000122b7b0 .event posedge, v00000000010f3230_0;
    .scope S_000000000122ba50;
T_0 ;
    %load/vec4 v000000000122bc80_0;
    %parti/s 19, 0, 2;
    %store/vec4 v00000000010c2f20_0, 0, 19;
    %load/vec4 v000000000122bc80_0;
    %parti/s 22, 19, 6;
    %store/vec4 v00000000010c2910_0, 0, 22;
    %load/vec4 v000000000122bc80_0;
    %parti/s 23, 41, 7;
    %store/vec4 v000000000122bbe0_0, 0, 23;
    %load/vec4 v00000000010c2f20_0;
    %parti/s 1, 8, 5;
    %store/vec4 v000000000122bd20_0, 0, 1;
    %load/vec4 v00000000010c2910_0;
    %parti/s 1, 10, 5;
    %store/vec4 v00000000010f30f0_0, 0, 1;
    %load/vec4 v000000000122bbe0_0;
    %parti/s 1, 10, 5;
    %store/vec4 v00000000010f3190_0, 0, 1;
    %end;
    .thread T_0;
    .scope S_000000000122ba50;
T_1 ;
    %wait E_000000000122b7b0;
    %load/vec4 v00000000010c2f20_0;
    %parti/s 1, 18, 6;
    %load/vec4 v00000000010c2910_0;
    %parti/s 1, 21, 6;
    %xor;
    %load/vec4 v000000000122bbe0_0;
    %parti/s 1, 21, 6;
    %xor;
    %store/vec4 v00000000010f3d20_0, 0, 1;
    %load/vec4 v000000000122bd20_0;
    %inv;
    %load/vec4 v00000000010f30f0_0;
    %inv;
    %and;
    %load/vec4 v000000000122bd20_0;
    %load/vec4 v00000000010f3190_0;
    %and;
    %or;
    %load/vec4 v00000000010f30f0_0;
    %load/vec4 v00000000010f3190_0;
    %inv;
    %and;
    %or;
    %store/vec4 v00000000010f3370_0, 0, 1;
    %load/vec4 v00000000010f30f0_0;
    %inv;
    %load/vec4 v00000000010f3190_0;
    %inv;
    %and;
    %load/vec4 v000000000122bd20_0;
    %inv;
    %load/vec4 v00000000010f30f0_0;
    %and;
    %or;
    %load/vec4 v000000000122bd20_0;
    %load/vec4 v00000000010f30f0_0;
    %and;
    %or;
    %store/vec4 v00000000010f3410_0, 0, 1;
    %load/vec4 v00000000010f30f0_0;
    %inv;
    %load/vec4 v00000000010f3190_0;
    %inv;
    %and;
    %load/vec4 v000000000122bd20_0;
    %load/vec4 v00000000010f3190_0;
    %and;
    %or;
    %load/vec4 v00000000010f30f0_0;
    %load/vec4 v000000000122bd20_0;
    %inv;
    %and;
    %or;
    %store/vec4 v00000000010f34b0_0, 0, 1;
    %load/vec4 v00000000010f3370_0;
    %cmpi/e 1, 0, 1;
    %jmp/0xz  T_1.0, 4;
    %load/vec4 v00000000010c2f20_0;
    %parti/s 1, 18, 6;
    %load/vec4 v00000000010c2f20_0;
    %parti/s 1, 17, 6;
    %xor;
    %load/vec4 v00000000010c2f20_0;
    %parti/s 1, 16, 6;
    %xor;
    %load/vec4 v00000000010c2f20_0;
    %parti/s 1, 13, 5;
    %xor;
    %store/vec4 v00000000010f3550_0, 0, 1;
    %load/vec4 v00000000010c2f20_0;
    %parti/s 18, 0, 2;
    %load/vec4 v00000000010f3550_0;
    %concat/vec4; draw_concat_vec4
    %store/vec4 v00000000010c2f20_0, 0, 19;
T_1.0 ;
    %load/vec4 v00000000010f3410_0;
    %cmpi/e 1, 0, 1;
    %jmp/0xz  T_1.2, 4;
    %load/vec4 v00000000010c2910_0;
    %parti/s 1, 21, 6;
    %load/vec4 v00000000010c2910_0;
    %parti/s 1, 20, 6;
    %xor;
    %store/vec4 v00000000010f35f0_0, 0, 1;
    %load/vec4 v00000000010c2910_0;
    %parti/s 21, 0, 2;
    %load/vec4 v00000000010f35f0_0;
    %concat/vec4; draw_concat_vec4
    %store/vec4 v00000000010c2910_0, 0, 22;
T_1.2 ;
    %load/vec4 v00000000010f34b0_0;
    %cmpi/e 1, 0, 1;
    %jmp/0xz  T_1.4, 4;
    %load/vec4 v000000000122bbe0_0;
    %parti/s 1, 21, 6;
    %load/vec4 v000000000122bbe0_0;
    %parti/s 1, 20, 6;
    %xor;
    %load/vec4 v000000000122bbe0_0;
    %parti/s 1, 22, 6;
    %xor;
    %load/vec4 v000000000122bbe0_0;
    %parti/s 1, 7, 4;
    %xor;
    %store/vec4 v00000000010f3690_0, 0, 1;
    %load/vec4 v000000000122bbe0_0;
    %parti/s 22, 0, 2;
    %load/vec4 v00000000010f3690_0;
    %concat/vec4; draw_concat_vec4
    %store/vec4 v000000000122bbe0_0, 0, 23;
T_1.4 ;
    %jmp T_1;
    .thread T_1;
# The file index is used to find the file name in the following table.
:file_names 3;
    "N/A";
    "<interactive>";
    "stream_cipher.v";
