#! /c/iverilog/bin/vvp
:ivl_version "12.0 (devel)" "(s20150603-965-g55e06db6)";
:ivl_delay_selection "TYPICAL";
:vpi_time_precision + 0;
:vpi_module "E:\iverilog\lib\ivl\system.vpi";
:vpi_module "E:\iverilog\lib\ivl\vhdl_sys.vpi";
:vpi_module "E:\iverilog\lib\ivl\vhdl_textio.vpi";
:vpi_module "E:\iverilog\lib\ivl\v2005_math.vpi";
:vpi_module "E:\iverilog\lib\ivl\va_math.vpi";
S_00000000011b2b90 .scope module, "A5" "A5" 2 2;
 .timescale 0 0;
    .port_info 0 /INPUT 1 "rest";
    .port_info 1 /INPUT 1 "clk";
    .port_info 2 /INPUT 64 "Key";
    .port_info 3 /OUTPUT 1 "code";
L_00000000011ebb40 .functor BUFZ 1, v00000000011e33d0_0, C4<0>, C4<0>, C4<0>;
v00000000011b2d20_0 .var "A", 18 0;
v00000000011b2dc0_0 .var "B", 21 0;
v00000000011b2e60_0 .var "C", 22 0;
o00000000011ed048 .functor BUFZ 64, C4<zzzzzzzzzzzzzzzzzzzzzzzzzzzzzzzzzzzzzzzzzzzzzzzzzzzzzzzzzzzzzzzz>; HiZ drive
v00000000011e2a20_0 .net "Key", 63 0, o00000000011ed048;  0 drivers
v00000000011e2ac0_0 .var "X", 0 0;
v00000000011e2b60_0 .var "Y", 0 0;
v00000000011e2c00_0 .var "Z", 0 0;
o00000000011ed108 .functor BUFZ 1, C4<z>; HiZ drive
v00000000011e2ca0_0 .net "clk", 0 0, o00000000011ed108;  0 drivers
v00000000011e2d40_0 .net "code", 0 0, L_00000000011ebb40;  1 drivers
v00000000011e2de0_0 .var "condition1", 0 0;
v00000000011e2e80_0 .var "condition2", 0 0;
v00000000011e2f20_0 .var "condition3", 0 0;
v00000000011e2fc0_0 .var "feedback1", 0 0;
v00000000011e3060_0 .var "feedback2", 0 0;
v00000000011e3330_0 .var "feedback3", 0 0;
v00000000011e33d0_0 .var "re", 0 0;
o00000000011ed2b8 .functor BUFZ 1, C4<z>; HiZ drive
v00000000011e4050_0 .net "rest", 0 0, o00000000011ed2b8;  0 drivers
E_00000000011d49e0/0 .event edge, v00000000011e4050_0;
E_00000000011d49e0/1 .event posedge, v00000000011e2ca0_0;
E_00000000011d49e0 .event/or E_00000000011d49e0/0, E_00000000011d49e0/1;
    .scope S_00000000011b2b90;
T_0 ;
    %wait E_00000000011d49e0;
    %load/vec4 v00000000011e4050_0;
    %flag_set/vec4 8;
    %jmp/0xz  T_0.0, 8;
    %load/vec4 v00000000011e2a20_0;
    %parti/s 19, 0, 2;
    %store/vec4 v00000000011b2d20_0, 0, 19;
    %load/vec4 v00000000011e2a20_0;
    %parti/s 22, 19, 6;
    %store/vec4 v00000000011b2dc0_0, 0, 22;
    %load/vec4 v00000000011e2a20_0;
    %parti/s 23, 41, 7;
    %store/vec4 v00000000011b2e60_0, 0, 23;
T_0.0 ;
    %load/vec4 v00000000011b2d20_0;
    %parti/s 1, 8, 5;
    %store/vec4 v00000000011e2ac0_0, 0, 1;
    %load/vec4 v00000000011b2dc0_0;
    %parti/s 1, 10, 5;
    %store/vec4 v00000000011e2b60_0, 0, 1;
    %load/vec4 v00000000011b2e60_0;
    %parti/s 1, 10, 5;
    %store/vec4 v00000000011e2c00_0, 0, 1;
    %load/vec4 v00000000011b2d20_0;
    %parti/s 1, 18, 6;
    %load/vec4 v00000000011b2dc0_0;
    %parti/s 1, 21, 6;
    %xor;
    %load/vec4 v00000000011b2e60_0;
    %parti/s 1, 22, 6;
    %xor;
    %store/vec4 v00000000011e33d0_0, 0, 1;
    %load/vec4 v00000000011e2ac0_0;
    %inv;
    %load/vec4 v00000000011e2b60_0;
    %inv;
    %and;
    %load/vec4 v00000000011e2ac0_0;
    %load/vec4 v00000000011e2c00_0;
    %and;
    %or;
    %load/vec4 v00000000011e2b60_0;
    %load/vec4 v00000000011e2c00_0;
    %inv;
    %and;
    %or;
    %store/vec4 v00000000011e2de0_0, 0, 1;
    %load/vec4 v00000000011e2b60_0;
    %inv;
    %load/vec4 v00000000011e2c00_0;
    %inv;
    %and;
    %load/vec4 v00000000011e2ac0_0;
    %inv;
    %load/vec4 v00000000011e2b60_0;
    %and;
    %or;
    %load/vec4 v00000000011e2ac0_0;
    %load/vec4 v00000000011e2b60_0;
    %and;
    %or;
    %store/vec4 v00000000011e2e80_0, 0, 1;
    %load/vec4 v00000000011e2b60_0;
    %inv;
    %load/vec4 v00000000011e2c00_0;
    %inv;
    %and;
    %load/vec4 v00000000011e2ac0_0;
    %load/vec4 v00000000011e2c00_0;
    %and;
    %or;
    %load/vec4 v00000000011e2b60_0;
    %load/vec4 v00000000011e2ac0_0;
    %inv;
    %and;
    %or;
    %store/vec4 v00000000011e2f20_0, 0, 1;
    %load/vec4 v00000000011e2de0_0;
    %cmpi/e 1, 0, 1;
    %jmp/0xz  T_0.2, 4;
    %load/vec4 v00000000011b2d20_0;
    %parti/s 1, 18, 6;
    %load/vec4 v00000000011b2d20_0;
    %parti/s 1, 17, 6;
    %xor;
    %load/vec4 v00000000011b2d20_0;
    %parti/s 1, 16, 6;
    %xor;
    %load/vec4 v00000000011b2d20_0;
    %parti/s 1, 13, 5;
    %xor;
    %store/vec4 v00000000011e2fc0_0, 0, 1;
    %load/vec4 v00000000011b2d20_0;
    %parti/s 18, 0, 2;
    %load/vec4 v00000000011e2fc0_0;
    %concat/vec4; draw_concat_vec4
    %store/vec4 v00000000011b2d20_0, 0, 19;
T_0.2 ;
    %load/vec4 v00000000011e2e80_0;
    %cmpi/e 1, 0, 1;
    %jmp/0xz  T_0.4, 4;
    %load/vec4 v00000000011b2dc0_0;
    %parti/s 1, 21, 6;
    %load/vec4 v00000000011b2dc0_0;
    %parti/s 1, 20, 6;
    %xor;
    %store/vec4 v00000000011e3060_0, 0, 1;
    %load/vec4 v00000000011b2dc0_0;
    %parti/s 21, 0, 2;
    %load/vec4 v00000000011e3060_0;
    %concat/vec4; draw_concat_vec4
    %store/vec4 v00000000011b2dc0_0, 0, 22;
T_0.4 ;
    %load/vec4 v00000000011e2f20_0;
    %cmpi/e 1, 0, 1;
    %jmp/0xz  T_0.6, 4;
    %load/vec4 v00000000011b2e60_0;
    %parti/s 1, 21, 6;
    %load/vec4 v00000000011b2e60_0;
    %parti/s 1, 20, 6;
    %xor;
    %load/vec4 v00000000011b2e60_0;
    %parti/s 1, 22, 6;
    %xor;
    %load/vec4 v00000000011b2e60_0;
    %parti/s 1, 7, 4;
    %xor;
    %store/vec4 v00000000011e3330_0, 0, 1;
    %load/vec4 v00000000011b2e60_0;
    %parti/s 22, 0, 2;
    %load/vec4 v00000000011e3330_0;
    %concat/vec4; draw_concat_vec4
    %store/vec4 v00000000011b2e60_0, 0, 23;
T_0.6 ;
    %jmp T_0;
    .thread T_0;
# The file index is used to find the file name in the following table.
:file_names 3;
    "N/A";
    "<interactive>";
    "stream_cipher.v";
